
> brain-link-tracker-frontend@0.0.0 dev /home/ubuntu/clone_bol
> vite -- --port 5174


  VITE v6.3.6  ready in 266 ms

  ➜  Local:   http://localhost:5173/
  ➜  Network: http://169.254.0.21:5173/
  ➜  press h + enter to show help
5:23:25 PM [vite] (client) hmr update /src/components/AdminPanel.jsx, /src/index.css, /src/App.css
5:23:44 PM [vite] (client) page reload src/services/quantum_redirect.py
5:23:47 PM [vite] (client) page reload src/services/quantum_redirect.py
5:24:01 PM [vite] (client) page reload src/services/quantum_redirect.py
5:24:09 PM [vite] (client) page reload src/routes/quantum_redirect.py
5:26:01 PM [vite] (client) hmr update /src/components/AdminPanel.jsx, /src/index.css, /src/App.css
5:27:50 PM [vite] (client) page reload src/routes/admin.py
5:28:00 PM [vite] (client) page reload src/routes/admin.py
5:28:23 PM [vite] (client) page reload src/components/CreateLinkModal.jsx
5:28:40 PM [vite] (client) page reload src/components/AddUserForm.jsx
5:57:34 PM [vite] (client) hmr update /src/components/AdminPanel.jsx, /src/index.css, /src/App.css
5:57:37 PM [vite] (client) hmr update /src/components/AdminPanel.jsx, /src/index.css, /src/App.css
5:57:46 PM [vite] (client) hmr update /src/components/AdminPanel.jsx, /src/index.css, /src/App.css
5:57:51 PM [vite] (client) hmr update /src/components/AdminPanel.jsx, /src/index.css, /src/App.css
5:58:20 PM [vite] (client) hmr update /src/components/AdminPanel.jsx, /src/index.css, /src/App.css
5:58:31 PM [vite] (client) hmr update /src/components/AdminPanel.jsx, /src/index.css, /src/App.css
5:58:40 PM [vite] (client) hmr update /src/components/AdminPanel.jsx, /src/index.css, /src/App.css
6:00:47 PM [vite] (client) hmr update /src/components/AdminPanel.jsx, /src/index.css, /src/App.css
6:00:51 PM [vite] (client) hmr update /src/components/AdminPanel.jsx, /src/index.css, /src/App.css
6:00:58 PM [vite] (client) hmr update /src/components/AdminPanel.jsx, /src/index.css, /src/App.css
6:01:02 PM [vite] (client) hmr update /src/components/AdminPanel.jsx, /src/index.css, /src/App.css
6:01:10 PM [vite] (client) hmr update /src/components/AdminPanel.jsx, /src/index.css, /src/App.css
6:01:20 PM [vite] (client) hmr update /src/components/AdminPanel.jsx, /src/index.css, /src/App.css
6:01:29 PM [vite] (client) hmr update /src/components/AdminPanel.jsx, /src/index.css, /src/App.css
6:05:10 PM [vite] (client) hmr update /src/components/AdminPanel.jsx, /src/index.css, /src/App.css
6:05:41 PM [vite] (client) page reload src/components/CreateLinkModal.jsx
